Sep 18, 2022 8:38:16 PM edu.yu.cs.com3800.stage1.SimpleServerImpl <init>
INFO: My first log
Sep 18, 2022 8:38:16 PM edu.yu.cs.com3800.stage1.SimpleServerImpl start
INFO: server starting
Sep 18, 2022 8:38:17 PM edu.yu.cs.com3800.stage1.SimpleServerImpl$MyHandler handle
INFO: request count: 1
Sep 18, 2022 8:38:17 PM edu.yu.cs.com3800.stage1.SimpleServerImpl$MyHandler handle
INFO: code response: belisimo we did it
Sep 18, 2022 8:38:17 PM edu.yu.cs.com3800.stage1.SimpleServerImpl$MyHandler handle
INFO: request count: 2
Sep 18, 2022 8:38:17 PM edu.yu.cs.com3800.stage1.SimpleServerImpl$MyHandler handle
INFO: code response: belisimo we did it
Sep 18, 2022 8:38:17 PM edu.yu.cs.com3800.stage1.SimpleServerImpl$MyHandler handle
INFO: request count: 3
Sep 18, 2022 8:38:17 PM edu.yu.cs.com3800.stage1.SimpleServerImpl$MyHandler handle
INFO: code response: belisimo we did it
Sep 18, 2022 8:38:17 PM edu.yu.cs.com3800.stage1.SimpleServerImpl$MyHandler handle
INFO: request count: 4
Sep 18, 2022 8:38:17 PM edu.yu.cs.com3800.stage1.SimpleServerImpl$MyHandler handle
INFO: code response: belisimo we did it
Sep 18, 2022 8:38:17 PM edu.yu.cs.com3800.stage1.SimpleServerImpl$MyHandler handle
INFO: request count: 5
Sep 18, 2022 8:38:17 PM edu.yu.cs.com3800.stage1.SimpleServerImpl$MyHandler handle
INFO: code response: belisimo we did it
Sep 18, 2022 8:38:17 PM edu.yu.cs.com3800.stage1.SimpleServerImpl$MyHandler handle
INFO: request count: 6
Sep 18, 2022 8:38:17 PM edu.yu.cs.com3800.stage1.SimpleServerImpl$MyHandler handle
INFO: code response: belisimo we did it
Sep 18, 2022 8:38:17 PM edu.yu.cs.com3800.stage1.SimpleServerImpl$MyHandler handle
INFO: request count: 7
Sep 18, 2022 8:38:17 PM edu.yu.cs.com3800.stage1.SimpleServerImpl$MyHandler handle
INFO: code response: belisimo we did it
Sep 18, 2022 8:38:17 PM edu.yu.cs.com3800.stage1.SimpleServerImpl$MyHandler handle
INFO: request count: 8
Sep 18, 2022 8:38:17 PM edu.yu.cs.com3800.stage1.SimpleServerImpl$MyHandler handle
INFO: code response: belisimo we did it
Sep 18, 2022 8:38:17 PM edu.yu.cs.com3800.stage1.SimpleServerImpl$MyHandler handle
INFO: request count: 9
Sep 18, 2022 8:38:17 PM edu.yu.cs.com3800.stage1.SimpleServerImpl$MyHandler handle
INFO: code response: belisimo we did it
Sep 18, 2022 8:38:17 PM edu.yu.cs.com3800.stage1.SimpleServerImpl$MyHandler handle
INFO: request count: 10
Sep 18, 2022 8:38:17 PM edu.yu.cs.com3800.stage1.SimpleServerImpl$MyHandler handle
INFO: code response: belisimo we did it
Sep 18, 2022 8:38:17 PM edu.yu.cs.com3800.stage1.SimpleServerImpl$MyHandler handle
INFO: request count: 11
Sep 18, 2022 8:38:17 PM edu.yu.cs.com3800.stage1.SimpleServerImpl$MyHandler handle
INFO: code response: belisimo we did it
Sep 18, 2022 8:38:17 PM edu.yu.cs.com3800.stage1.SimpleServerImpl$MyHandler handle
INFO: request count: 12
Sep 18, 2022 8:38:17 PM edu.yu.cs.com3800.stage1.SimpleServerImpl$MyHandler handle
INFO: code response: belisimo we did it
Sep 18, 2022 8:38:17 PM edu.yu.cs.com3800.stage1.SimpleServerImpl$MyHandler handle
INFO: request count: 13
Sep 18, 2022 8:38:17 PM edu.yu.cs.com3800.stage1.SimpleServerImpl$MyHandler handle
INFO: code response: belisimo we did it
Sep 18, 2022 8:38:17 PM edu.yu.cs.com3800.stage1.SimpleServerImpl$MyHandler handle
INFO: request count: 14
Sep 18, 2022 8:38:17 PM edu.yu.cs.com3800.stage1.SimpleServerImpl$MyHandler handle
INFO: code response: belisimo we did it
Sep 18, 2022 8:38:17 PM edu.yu.cs.com3800.stage1.SimpleServerImpl$MyHandler handle
INFO: request count: 15
Sep 18, 2022 8:38:18 PM edu.yu.cs.com3800.stage1.SimpleServerImpl$MyHandler handle
INFO: code response: belisimo we did it
Sep 18, 2022 8:38:18 PM edu.yu.cs.com3800.stage1.SimpleServerImpl$MyHandler handle
INFO: request count: 16
Sep 18, 2022 8:38:18 PM edu.yu.cs.com3800.stage1.SimpleServerImpl$MyHandler handle
INFO: code response: belisimo we did it
Sep 18, 2022 8:38:18 PM edu.yu.cs.com3800.stage1.SimpleServerImpl$MyHandler handle
INFO: request count: 17
Sep 18, 2022 8:38:18 PM edu.yu.cs.com3800.stage1.SimpleServerImpl$MyHandler handle
INFO: code response: belisimo we did it
Sep 18, 2022 8:38:18 PM edu.yu.cs.com3800.stage1.SimpleServerImpl$MyHandler handle
INFO: request count: 18
Sep 18, 2022 8:38:18 PM edu.yu.cs.com3800.stage1.SimpleServerImpl$MyHandler handle
INFO: code response: belisimo we did it
Sep 18, 2022 8:38:18 PM edu.yu.cs.com3800.stage1.SimpleServerImpl$MyHandler handle
INFO: request count: 19
Sep 18, 2022 8:38:18 PM edu.yu.cs.com3800.stage1.SimpleServerImpl$MyHandler handle
INFO: code response: belisimo we did it
Sep 18, 2022 8:38:18 PM edu.yu.cs.com3800.stage1.SimpleServerImpl$MyHandler handle
INFO: request count: 20
Sep 18, 2022 8:38:18 PM edu.yu.cs.com3800.stage1.SimpleServerImpl$MyHandler handle
INFO: code response: belisimo we did it
Sep 18, 2022 8:38:18 PM edu.yu.cs.com3800.stage1.SimpleServerImpl$MyHandler handle
INFO: request count: 21
Sep 18, 2022 8:38:18 PM edu.yu.cs.com3800.stage1.SimpleServerImpl$MyHandler handle
INFO: code response: belisimo we did it
Sep 18, 2022 8:38:18 PM edu.yu.cs.com3800.stage1.SimpleServerImpl$MyHandler handle
INFO: request count: 22
Sep 18, 2022 8:38:18 PM edu.yu.cs.com3800.stage1.SimpleServerImpl$MyHandler handle
INFO: code response: belisimo we did it
Sep 18, 2022 8:38:18 PM edu.yu.cs.com3800.stage1.SimpleServerImpl$MyHandler handle
INFO: request count: 23
Sep 18, 2022 8:38:18 PM edu.yu.cs.com3800.stage1.SimpleServerImpl$MyHandler handle
INFO: code response: belisimo we did it
Sep 18, 2022 8:38:18 PM edu.yu.cs.com3800.stage1.SimpleServerImpl$MyHandler handle
INFO: request count: 24
Sep 18, 2022 8:38:18 PM edu.yu.cs.com3800.stage1.SimpleServerImpl$MyHandler handle
INFO: code response: belisimo we did it
Sep 18, 2022 8:38:18 PM edu.yu.cs.com3800.stage1.SimpleServerImpl$MyHandler handle
INFO: request count: 25
Sep 18, 2022 8:38:18 PM edu.yu.cs.com3800.stage1.SimpleServerImpl$MyHandler handle
INFO: code response: belisimo we did it
Sep 18, 2022 8:38:18 PM edu.yu.cs.com3800.stage1.SimpleServerImpl$MyHandler handle
INFO: request count: 26
Sep 18, 2022 8:38:18 PM edu.yu.cs.com3800.stage1.SimpleServerImpl$MyHandler handle
INFO: code response: belisimo we did it
Sep 18, 2022 8:38:18 PM edu.yu.cs.com3800.stage1.SimpleServerImpl$MyHandler handle
INFO: request count: 27
Sep 18, 2022 8:38:18 PM edu.yu.cs.com3800.stage1.SimpleServerImpl$MyHandler handle
INFO: code response: belisimo we did it
Sep 18, 2022 8:38:18 PM edu.yu.cs.com3800.stage1.SimpleServerImpl$MyHandler handle
INFO: request count: 28
Sep 18, 2022 8:38:18 PM edu.yu.cs.com3800.stage1.SimpleServerImpl$MyHandler handle
INFO: code response: belisimo we did it
Sep 18, 2022 8:38:18 PM edu.yu.cs.com3800.stage1.SimpleServerImpl$MyHandler handle
INFO: request count: 29
Sep 18, 2022 8:38:18 PM edu.yu.cs.com3800.stage1.SimpleServerImpl$MyHandler handle
INFO: code response: belisimo we did it
Sep 18, 2022 8:38:18 PM edu.yu.cs.com3800.stage1.SimpleServerImpl$MyHandler handle
INFO: request count: 30
Sep 18, 2022 8:38:18 PM edu.yu.cs.com3800.stage1.SimpleServerImpl$MyHandler handle
INFO: code response: belisimo we did it
Sep 18, 2022 8:38:18 PM edu.yu.cs.com3800.stage1.SimpleServerImpl$MyHandler handle
INFO: request count: 31
Sep 18, 2022 8:38:18 PM edu.yu.cs.com3800.stage1.SimpleServerImpl$MyHandler handle
INFO: code response: belisimo we did it
Sep 18, 2022 8:38:18 PM edu.yu.cs.com3800.stage1.SimpleServerImpl$MyHandler handle
INFO: request count: 32
Sep 18, 2022 8:38:18 PM edu.yu.cs.com3800.stage1.SimpleServerImpl$MyHandler handle
INFO: code response: belisimo we did it
Sep 18, 2022 8:38:18 PM edu.yu.cs.com3800.stage1.SimpleServerImpl$MyHandler handle
INFO: request count: 33
Sep 18, 2022 8:38:18 PM edu.yu.cs.com3800.stage1.SimpleServerImpl$MyHandler handle
INFO: code response: belisimo we did it
Sep 18, 2022 8:38:18 PM edu.yu.cs.com3800.stage1.SimpleServerImpl$MyHandler handle
INFO: request count: 34
Sep 18, 2022 8:38:18 PM edu.yu.cs.com3800.stage1.SimpleServerImpl$MyHandler handle
INFO: code response: belisimo we did it
Sep 18, 2022 8:38:18 PM edu.yu.cs.com3800.stage1.SimpleServerImpl$MyHandler handle
INFO: request count: 35
Sep 18, 2022 8:38:18 PM edu.yu.cs.com3800.stage1.SimpleServerImpl$MyHandler handle
INFO: code response: belisimo we did it
Sep 18, 2022 8:38:18 PM edu.yu.cs.com3800.stage1.SimpleServerImpl$MyHandler handle
INFO: request count: 36
Sep 18, 2022 8:38:18 PM edu.yu.cs.com3800.stage1.SimpleServerImpl$MyHandler handle
INFO: code response: belisimo we did it
Sep 18, 2022 8:38:18 PM edu.yu.cs.com3800.stage1.SimpleServerImpl$MyHandler handle
INFO: request count: 37
Sep 18, 2022 8:38:18 PM edu.yu.cs.com3800.stage1.SimpleServerImpl$MyHandler handle
INFO: code response: belisimo we did it
Sep 18, 2022 8:38:18 PM edu.yu.cs.com3800.stage1.SimpleServerImpl$MyHandler handle
INFO: request count: 38
Sep 18, 2022 8:38:18 PM edu.yu.cs.com3800.stage1.SimpleServerImpl$MyHandler handle
INFO: code response: belisimo we did it
Sep 18, 2022 8:38:18 PM edu.yu.cs.com3800.stage1.SimpleServerImpl$MyHandler handle
INFO: request count: 39
Sep 18, 2022 8:38:18 PM edu.yu.cs.com3800.stage1.SimpleServerImpl$MyHandler handle
INFO: code response: belisimo we did it
Sep 18, 2022 8:38:18 PM edu.yu.cs.com3800.stage1.SimpleServerImpl$MyHandler handle
INFO: request count: 40
Sep 18, 2022 8:38:18 PM edu.yu.cs.com3800.stage1.SimpleServerImpl$MyHandler handle
INFO: code response: belisimo we did it
Sep 18, 2022 8:38:18 PM edu.yu.cs.com3800.stage1.SimpleServerImpl$MyHandler handle
INFO: request count: 41
Sep 18, 2022 8:38:18 PM edu.yu.cs.com3800.stage1.SimpleServerImpl$MyHandler handle
INFO: code response: belisimo we did it
Sep 18, 2022 8:38:18 PM edu.yu.cs.com3800.stage1.SimpleServerImpl$MyHandler handle
INFO: request count: 42
Sep 18, 2022 8:38:18 PM edu.yu.cs.com3800.stage1.SimpleServerImpl$MyHandler handle
INFO: code response: belisimo we did it
Sep 18, 2022 8:38:18 PM edu.yu.cs.com3800.stage1.SimpleServerImpl$MyHandler handle
INFO: request count: 43
Sep 18, 2022 8:38:18 PM edu.yu.cs.com3800.stage1.SimpleServerImpl$MyHandler handle
INFO: code response: belisimo we did it
Sep 18, 2022 8:38:18 PM edu.yu.cs.com3800.stage1.SimpleServerImpl$MyHandler handle
INFO: request count: 44
Sep 18, 2022 8:38:18 PM edu.yu.cs.com3800.stage1.SimpleServerImpl$MyHandler handle
INFO: code response: belisimo we did it
Sep 18, 2022 8:38:18 PM edu.yu.cs.com3800.stage1.SimpleServerImpl$MyHandler handle
INFO: request count: 45
Sep 18, 2022 8:38:18 PM edu.yu.cs.com3800.stage1.SimpleServerImpl$MyHandler handle
INFO: code response: belisimo we did it
Sep 18, 2022 8:38:18 PM edu.yu.cs.com3800.stage1.SimpleServerImpl$MyHandler handle
INFO: request count: 46
Sep 18, 2022 8:38:18 PM edu.yu.cs.com3800.stage1.SimpleServerImpl$MyHandler handle
INFO: code response: belisimo we did it
Sep 18, 2022 8:38:18 PM edu.yu.cs.com3800.stage1.SimpleServerImpl$MyHandler handle
INFO: request count: 47
Sep 18, 2022 8:38:18 PM edu.yu.cs.com3800.stage1.SimpleServerImpl$MyHandler handle
INFO: code response: belisimo we did it
Sep 18, 2022 8:38:19 PM edu.yu.cs.com3800.stage1.SimpleServerImpl$MyHandler handle
INFO: request count: 48
Sep 18, 2022 8:38:19 PM edu.yu.cs.com3800.stage1.SimpleServerImpl$MyHandler handle
INFO: code response: belisimo we did it
Sep 18, 2022 8:38:19 PM edu.yu.cs.com3800.stage1.SimpleServerImpl$MyHandler handle
INFO: request count: 49
Sep 18, 2022 8:38:19 PM edu.yu.cs.com3800.stage1.SimpleServerImpl$MyHandler handle
INFO: code response: belisimo we did it
Sep 18, 2022 8:38:19 PM edu.yu.cs.com3800.stage1.SimpleServerImpl$MyHandler handle
INFO: request count: 50
Sep 18, 2022 8:38:19 PM edu.yu.cs.com3800.stage1.SimpleServerImpl$MyHandler handle
INFO: code response: belisimo we did it
Sep 18, 2022 8:38:19 PM edu.yu.cs.com3800.stage1.SimpleServerImpl$MyHandler handle
INFO: request count: 51
Sep 18, 2022 8:38:19 PM edu.yu.cs.com3800.stage1.SimpleServerImpl$MyHandler handle
INFO: code response: belisimo we did it
Sep 18, 2022 8:38:19 PM edu.yu.cs.com3800.stage1.SimpleServerImpl$MyHandler handle
INFO: request count: 52
Sep 18, 2022 8:38:19 PM edu.yu.cs.com3800.stage1.SimpleServerImpl$MyHandler handle
INFO: code response: belisimo we did it
Sep 18, 2022 8:38:19 PM edu.yu.cs.com3800.stage1.SimpleServerImpl$MyHandler handle
INFO: request count: 53
Sep 18, 2022 8:38:19 PM edu.yu.cs.com3800.stage1.SimpleServerImpl$MyHandler handle
INFO: code response: belisimo we did it
Sep 18, 2022 8:38:19 PM edu.yu.cs.com3800.stage1.SimpleServerImpl$MyHandler handle
INFO: request count: 54
Sep 18, 2022 8:38:19 PM edu.yu.cs.com3800.stage1.SimpleServerImpl$MyHandler handle
INFO: code response: belisimo we did it
Sep 18, 2022 8:38:19 PM edu.yu.cs.com3800.stage1.SimpleServerImpl$MyHandler handle
INFO: request count: 55
Sep 18, 2022 8:38:19 PM edu.yu.cs.com3800.stage1.SimpleServerImpl$MyHandler handle
INFO: code response: belisimo we did it
Sep 18, 2022 8:38:19 PM edu.yu.cs.com3800.stage1.SimpleServerImpl$MyHandler handle
INFO: request count: 56
Sep 18, 2022 8:38:19 PM edu.yu.cs.com3800.stage1.SimpleServerImpl$MyHandler handle
INFO: code response: belisimo we did it
Sep 18, 2022 8:38:19 PM edu.yu.cs.com3800.stage1.SimpleServerImpl$MyHandler handle
INFO: request count: 57
Sep 18, 2022 8:38:19 PM edu.yu.cs.com3800.stage1.SimpleServerImpl$MyHandler handle
INFO: code response: belisimo we did it
Sep 18, 2022 8:38:19 PM edu.yu.cs.com3800.stage1.SimpleServerImpl$MyHandler handle
INFO: request count: 58
Sep 18, 2022 8:38:19 PM edu.yu.cs.com3800.stage1.SimpleServerImpl$MyHandler handle
INFO: code response: belisimo we did it
Sep 18, 2022 8:38:19 PM edu.yu.cs.com3800.stage1.SimpleServerImpl$MyHandler handle
INFO: request count: 59
Sep 18, 2022 8:38:19 PM edu.yu.cs.com3800.stage1.SimpleServerImpl$MyHandler handle
INFO: code response: belisimo we did it
Sep 18, 2022 8:38:19 PM edu.yu.cs.com3800.stage1.SimpleServerImpl$MyHandler handle
INFO: request count: 60
Sep 18, 2022 8:38:19 PM edu.yu.cs.com3800.stage1.SimpleServerImpl$MyHandler handle
INFO: code response: belisimo we did it
Sep 18, 2022 8:38:19 PM edu.yu.cs.com3800.stage1.SimpleServerImpl$MyHandler handle
INFO: request count: 61
Sep 18, 2022 8:38:19 PM edu.yu.cs.com3800.stage1.SimpleServerImpl$MyHandler handle
INFO: code response: belisimo we did it
Sep 18, 2022 8:38:19 PM edu.yu.cs.com3800.stage1.SimpleServerImpl$MyHandler handle
INFO: request count: 62
Sep 18, 2022 8:38:19 PM edu.yu.cs.com3800.stage1.SimpleServerImpl$MyHandler handle
INFO: code response: belisimo we did it
Sep 18, 2022 8:38:19 PM edu.yu.cs.com3800.stage1.SimpleServerImpl$MyHandler handle
INFO: request count: 63
Sep 18, 2022 8:38:19 PM edu.yu.cs.com3800.stage1.SimpleServerImpl$MyHandler handle
INFO: code response: belisimo we did it
Sep 18, 2022 8:38:19 PM edu.yu.cs.com3800.stage1.SimpleServerImpl$MyHandler handle
INFO: request count: 64
Sep 18, 2022 8:38:19 PM edu.yu.cs.com3800.stage1.SimpleServerImpl$MyHandler handle
INFO: code response: belisimo we did it
Sep 18, 2022 8:38:19 PM edu.yu.cs.com3800.stage1.SimpleServerImpl$MyHandler handle
INFO: request count: 65
Sep 18, 2022 8:38:19 PM edu.yu.cs.com3800.stage1.SimpleServerImpl$MyHandler handle
INFO: code response: belisimo we did it
Sep 18, 2022 8:38:19 PM edu.yu.cs.com3800.stage1.SimpleServerImpl$MyHandler handle
INFO: request count: 66
Sep 18, 2022 8:38:19 PM edu.yu.cs.com3800.stage1.SimpleServerImpl$MyHandler handle
INFO: code response: belisimo we did it
Sep 18, 2022 8:38:19 PM edu.yu.cs.com3800.stage1.SimpleServerImpl$MyHandler handle
INFO: request count: 67
Sep 18, 2022 8:38:19 PM edu.yu.cs.com3800.stage1.SimpleServerImpl$MyHandler handle
INFO: code response: belisimo we did it
Sep 18, 2022 8:38:19 PM edu.yu.cs.com3800.stage1.SimpleServerImpl$MyHandler handle
INFO: request count: 68
Sep 18, 2022 8:38:19 PM edu.yu.cs.com3800.stage1.SimpleServerImpl$MyHandler handle
INFO: code response: belisimo we did it
Sep 18, 2022 8:38:19 PM edu.yu.cs.com3800.stage1.SimpleServerImpl$MyHandler handle
INFO: request count: 69
Sep 18, 2022 8:38:19 PM edu.yu.cs.com3800.stage1.SimpleServerImpl$MyHandler handle
INFO: code response: belisimo we did it
Sep 18, 2022 8:38:19 PM edu.yu.cs.com3800.stage1.SimpleServerImpl$MyHandler handle
INFO: request count: 70
Sep 18, 2022 8:38:19 PM edu.yu.cs.com3800.stage1.SimpleServerImpl$MyHandler handle
INFO: code response: belisimo we did it
Sep 18, 2022 8:38:19 PM edu.yu.cs.com3800.stage1.SimpleServerImpl$MyHandler handle
INFO: request count: 71
Sep 18, 2022 8:38:19 PM edu.yu.cs.com3800.stage1.SimpleServerImpl$MyHandler handle
INFO: code response: belisimo we did it
Sep 18, 2022 8:38:19 PM edu.yu.cs.com3800.stage1.SimpleServerImpl$MyHandler handle
INFO: request count: 72
Sep 18, 2022 8:38:19 PM edu.yu.cs.com3800.stage1.SimpleServerImpl$MyHandler handle
INFO: code response: belisimo we did it
Sep 18, 2022 8:38:19 PM edu.yu.cs.com3800.stage1.SimpleServerImpl$MyHandler handle
INFO: request count: 73
Sep 18, 2022 8:38:19 PM edu.yu.cs.com3800.stage1.SimpleServerImpl$MyHandler handle
INFO: code response: belisimo we did it
Sep 18, 2022 8:38:19 PM edu.yu.cs.com3800.stage1.SimpleServerImpl$MyHandler handle
INFO: request count: 74
Sep 18, 2022 8:38:19 PM edu.yu.cs.com3800.stage1.SimpleServerImpl$MyHandler handle
INFO: code response: belisimo we did it
Sep 18, 2022 8:38:19 PM edu.yu.cs.com3800.stage1.SimpleServerImpl$MyHandler handle
INFO: request count: 75
Sep 18, 2022 8:38:19 PM edu.yu.cs.com3800.stage1.SimpleServerImpl$MyHandler handle
INFO: code response: belisimo we did it
Sep 18, 2022 8:38:19 PM edu.yu.cs.com3800.stage1.SimpleServerImpl$MyHandler handle
INFO: request count: 76
Sep 18, 2022 8:38:19 PM edu.yu.cs.com3800.stage1.SimpleServerImpl$MyHandler handle
INFO: code response: belisimo we did it
Sep 18, 2022 8:38:19 PM edu.yu.cs.com3800.stage1.SimpleServerImpl$MyHandler handle
INFO: request count: 77
Sep 18, 2022 8:38:19 PM edu.yu.cs.com3800.stage1.SimpleServerImpl$MyHandler handle
INFO: code response: belisimo we did it
Sep 18, 2022 8:38:19 PM edu.yu.cs.com3800.stage1.SimpleServerImpl$MyHandler handle
INFO: request count: 78
Sep 18, 2022 8:38:19 PM edu.yu.cs.com3800.stage1.SimpleServerImpl$MyHandler handle
INFO: code response: belisimo we did it
Sep 18, 2022 8:38:19 PM edu.yu.cs.com3800.stage1.SimpleServerImpl$MyHandler handle
INFO: request count: 79
Sep 18, 2022 8:38:19 PM edu.yu.cs.com3800.stage1.SimpleServerImpl$MyHandler handle
INFO: code response: belisimo we did it
Sep 18, 2022 8:38:19 PM edu.yu.cs.com3800.stage1.SimpleServerImpl$MyHandler handle
INFO: request count: 80
Sep 18, 2022 8:38:19 PM edu.yu.cs.com3800.stage1.SimpleServerImpl$MyHandler handle
INFO: code response: belisimo we did it
Sep 18, 2022 8:38:19 PM edu.yu.cs.com3800.stage1.SimpleServerImpl$MyHandler handle
INFO: request count: 81
Sep 18, 2022 8:38:19 PM edu.yu.cs.com3800.stage1.SimpleServerImpl$MyHandler handle
INFO: code response: belisimo we did it
Sep 18, 2022 8:38:19 PM edu.yu.cs.com3800.stage1.SimpleServerImpl$MyHandler handle
INFO: request count: 82
Sep 18, 2022 8:38:19 PM edu.yu.cs.com3800.stage1.SimpleServerImpl$MyHandler handle
INFO: code response: belisimo we did it
Sep 18, 2022 8:38:19 PM edu.yu.cs.com3800.stage1.SimpleServerImpl$MyHandler handle
INFO: request count: 83
Sep 18, 2022 8:38:19 PM edu.yu.cs.com3800.stage1.SimpleServerImpl$MyHandler handle
INFO: code response: belisimo we did it
Sep 18, 2022 8:38:19 PM edu.yu.cs.com3800.stage1.SimpleServerImpl$MyHandler handle
INFO: request count: 84
Sep 18, 2022 8:38:19 PM edu.yu.cs.com3800.stage1.SimpleServerImpl$MyHandler handle
INFO: code response: belisimo we did it
Sep 18, 2022 8:38:19 PM edu.yu.cs.com3800.stage1.SimpleServerImpl$MyHandler handle
INFO: request count: 85
Sep 18, 2022 8:38:19 PM edu.yu.cs.com3800.stage1.SimpleServerImpl$MyHandler handle
INFO: code response: belisimo we did it
Sep 18, 2022 8:38:19 PM edu.yu.cs.com3800.stage1.SimpleServerImpl$MyHandler handle
INFO: request count: 86
Sep 18, 2022 8:38:19 PM edu.yu.cs.com3800.stage1.SimpleServerImpl$MyHandler handle
INFO: code response: belisimo we did it
Sep 18, 2022 8:38:19 PM edu.yu.cs.com3800.stage1.SimpleServerImpl$MyHandler handle
INFO: request count: 87
Sep 18, 2022 8:38:19 PM edu.yu.cs.com3800.stage1.SimpleServerImpl$MyHandler handle
INFO: code response: belisimo we did it
Sep 18, 2022 8:38:19 PM edu.yu.cs.com3800.stage1.SimpleServerImpl$MyHandler handle
INFO: request count: 88
Sep 18, 2022 8:38:19 PM edu.yu.cs.com3800.stage1.SimpleServerImpl$MyHandler handle
INFO: code response: belisimo we did it
Sep 18, 2022 8:38:19 PM edu.yu.cs.com3800.stage1.SimpleServerImpl$MyHandler handle
INFO: request count: 89
Sep 18, 2022 8:38:20 PM edu.yu.cs.com3800.stage1.SimpleServerImpl$MyHandler handle
INFO: code response: belisimo we did it
Sep 18, 2022 8:38:20 PM edu.yu.cs.com3800.stage1.SimpleServerImpl$MyHandler handle
INFO: request count: 90
Sep 18, 2022 8:38:20 PM edu.yu.cs.com3800.stage1.SimpleServerImpl$MyHandler handle
INFO: code response: belisimo we did it
Sep 18, 2022 8:38:20 PM edu.yu.cs.com3800.stage1.SimpleServerImpl$MyHandler handle
INFO: request count: 91
Sep 18, 2022 8:38:20 PM edu.yu.cs.com3800.stage1.SimpleServerImpl$MyHandler handle
INFO: code response: belisimo we did it
Sep 18, 2022 8:38:20 PM edu.yu.cs.com3800.stage1.SimpleServerImpl$MyHandler handle
INFO: request count: 92
Sep 18, 2022 8:38:20 PM edu.yu.cs.com3800.stage1.SimpleServerImpl$MyHandler handle
INFO: code response: belisimo we did it
Sep 18, 2022 8:38:20 PM edu.yu.cs.com3800.stage1.SimpleServerImpl$MyHandler handle
INFO: request count: 93
Sep 18, 2022 8:38:20 PM edu.yu.cs.com3800.stage1.SimpleServerImpl$MyHandler handle
INFO: code response: belisimo we did it
Sep 18, 2022 8:38:20 PM edu.yu.cs.com3800.stage1.SimpleServerImpl$MyHandler handle
INFO: request count: 94
Sep 18, 2022 8:38:20 PM edu.yu.cs.com3800.stage1.SimpleServerImpl$MyHandler handle
INFO: code response: belisimo we did it
Sep 18, 2022 8:38:20 PM edu.yu.cs.com3800.stage1.SimpleServerImpl$MyHandler handle
INFO: request count: 95
Sep 18, 2022 8:38:20 PM edu.yu.cs.com3800.stage1.SimpleServerImpl$MyHandler handle
INFO: code response: belisimo we did it
Sep 18, 2022 8:38:20 PM edu.yu.cs.com3800.stage1.SimpleServerImpl$MyHandler handle
INFO: request count: 96
Sep 18, 2022 8:38:20 PM edu.yu.cs.com3800.stage1.SimpleServerImpl$MyHandler handle
INFO: code response: belisimo we did it
Sep 18, 2022 8:38:20 PM edu.yu.cs.com3800.stage1.SimpleServerImpl$MyHandler handle
INFO: request count: 97
Sep 18, 2022 8:38:20 PM edu.yu.cs.com3800.stage1.SimpleServerImpl$MyHandler handle
INFO: code response: belisimo we did it
Sep 18, 2022 8:38:20 PM edu.yu.cs.com3800.stage1.SimpleServerImpl$MyHandler handle
INFO: request count: 98
Sep 18, 2022 8:38:20 PM edu.yu.cs.com3800.stage1.SimpleServerImpl$MyHandler handle
INFO: code response: belisimo we did it
Sep 18, 2022 8:38:20 PM edu.yu.cs.com3800.stage1.SimpleServerImpl$MyHandler handle
INFO: request count: 99
Sep 18, 2022 8:38:20 PM edu.yu.cs.com3800.stage1.SimpleServerImpl$MyHandler handle
INFO: code response: belisimo we did it
Sep 18, 2022 8:38:20 PM edu.yu.cs.com3800.stage1.SimpleServerImpl$MyHandler handle
INFO: request count: 100
Sep 18, 2022 8:38:20 PM edu.yu.cs.com3800.stage1.SimpleServerImpl$MyHandler handle
INFO: code response: belisimo we did it
Sep 18, 2022 8:38:20 PM edu.yu.cs.com3800.stage1.SimpleServerImpl stop
INFO: server stopping
Sep 18, 2022 8:38:20 PM edu.yu.cs.com3800.stage1.SimpleServerImpl <init>
INFO: My first log
Sep 18, 2022 8:38:20 PM edu.yu.cs.com3800.stage1.SimpleServerImpl start
INFO: server starting
Sep 18, 2022 8:38:20 PM edu.yu.cs.com3800.stage1.SimpleServerImpl$MyHandler handle
INFO: request count: 1
Sep 18, 2022 8:38:20 PM edu.yu.cs.com3800.stage1.SimpleServerImpl$MyHandler handle
INFO: code response: belisimo we did it
Sep 18, 2022 8:38:20 PM edu.yu.cs.com3800.stage1.SimpleServerImpl stop
INFO: server stopping
Sep 18, 2022 8:38:20 PM edu.yu.cs.com3800.stage1.SimpleServerImpl <init>
INFO: My first log
Sep 18, 2022 8:38:20 PM edu.yu.cs.com3800.stage1.SimpleServerImpl start
INFO: server starting
Sep 18, 2022 8:38:20 PM edu.yu.cs.com3800.stage1.SimpleServerImpl$MyHandler handle
INFO: request count: 1
Sep 18, 2022 8:38:20 PM edu.yu.cs.com3800.stage1.SimpleServerImpl$MyHandler handle
WARNING: error encountered with request: 1 Could not create and run instance of class
java.lang.ReflectiveOperationException: Could not create and run instance of class
	at edu.yu.cs.com3800.JavaRunner.runClass(JavaRunner.java:156)
	at edu.yu.cs.com3800.JavaRunner.compileAndRun(JavaRunner.java:70)
	at edu.yu.cs.com3800.stage1.SimpleServerImpl$MyHandler.handle(SimpleServerImpl.java:100)
	at jdk.httpserver/com.sun.net.httpserver.Filter$Chain.doFilter(Filter.java:95)
	at jdk.httpserver/sun.net.httpserver.AuthFilter.doFilter(AuthFilter.java:82)
	at jdk.httpserver/com.sun.net.httpserver.Filter$Chain.doFilter(Filter.java:98)
	at jdk.httpserver/sun.net.httpserver.ServerImpl$Exchange$LinkHandler.handle(ServerImpl.java:733)
	at jdk.httpserver/com.sun.net.httpserver.Filter$Chain.doFilter(Filter.java:95)
	at jdk.httpserver/sun.net.httpserver.ServerImpl$Exchange.run(ServerImpl.java:700)
	at jdk.httpserver/sun.net.httpserver.ServerImpl$DefaultExecutor.execute(ServerImpl.java:159)
	at jdk.httpserver/sun.net.httpserver.ServerImpl$Dispatcher.handle(ServerImpl.java:447)
	at jdk.httpserver/sun.net.httpserver.ServerImpl$Dispatcher.run(ServerImpl.java:413)
	at java.base/java.lang.Thread.run(Thread.java:833)
Caused by: java.lang.NoSuchMethodException: Test.run()
	at java.base/java.lang.Class.getDeclaredMethod(Class.java:2675)
	at edu.yu.cs.com3800.JavaRunner.runClass(JavaRunner.java:149)
	... 12 more

Sep 18, 2022 8:38:20 PM edu.yu.cs.com3800.stage1.SimpleServerImpl$MyHandler handle
WARNING: code failed:Could not create and run instance of class
java.lang.ReflectiveOperationException: Could not create and run instance of class
	at edu.yu.cs.com3800.JavaRunner.runClass(JavaRunner.java:156)
	at edu.yu.cs.com3800.JavaRunner.compileAndRun(JavaRunner.java:70)
	at edu.yu.cs.com3800.stage1.SimpleServerImpl$MyHandler.handle(SimpleServerImpl.java:100)
	at jdk.httpserver/com.sun.net.httpserver.Filter$Chain.doFilter(Filter.java:95)
	at jdk.httpserver/sun.net.httpserver.AuthFilter.doFilter(AuthFilter.java:82)
	at jdk.httpserver/com.sun.net.httpserver.Filter$Chain.doFilter(Filter.java:98)
	at jdk.httpserver/sun.net.httpserver.ServerImpl$Exchange$LinkHandler.handle(ServerImpl.java:733)
	at jdk.httpserver/com.sun.net.httpserver.Filter$Chain.doFilter(Filter.java:95)
	at jdk.httpserver/sun.net.httpserver.ServerImpl$Exchange.run(ServerImpl.java:700)
	at jdk.httpserver/sun.net.httpserver.ServerImpl$DefaultExecutor.execute(ServerImpl.java:159)
	at jdk.httpserver/sun.net.httpserver.ServerImpl$Dispatcher.handle(ServerImpl.java:447)
	at jdk.httpserver/sun.net.httpserver.ServerImpl$Dispatcher.run(ServerImpl.java:413)
	at java.base/java.lang.Thread.run(Thread.java:833)
Caused by: java.lang.NoSuchMethodException: Test.run()
	at java.base/java.lang.Class.getDeclaredMethod(Class.java:2675)
	at edu.yu.cs.com3800.JavaRunner.runClass(JavaRunner.java:149)
	... 12 more

Sep 18, 2022 8:38:20 PM edu.yu.cs.com3800.stage1.SimpleServerImpl stop
INFO: server stopping
